<?xml version="1.0" encoding="UTF-8"?>
<!-- Generated by org.testng.reporters.JUnitXMLReporter -->
<testsuite hostname="MSI" ignored="0" name="LondonSpa" tests="2" failures="2" timestamp="18 May 2022 14:05:13 GMT" time="12.411" errors="0">
  <testcase name="TestCase03_1_selectLocation on null(com.tester.buyagift_project.Location_Spa)" time="0.493" classname="com.tester.buyagift_project.Location_Spa">
    <failure type="org.openqa.selenium.ElementNotInteractableException" message="element not interactable
  (Session info: chrome=101.0.4951.67)
Build info: version: &amp;apos;4.1.4&amp;apos;, revision: &amp;apos;535d840ee2&amp;apos;
System info: host: &amp;apos;MSI&amp;apos;, ip: &amp;apos;192.168.0.5&amp;apos;, os.name: &amp;apos;Windows 10&amp;apos;, os.arch: &amp;apos;amd64&amp;apos;, os.version: &amp;apos;10.0&amp;apos;, java.version: &amp;apos;1.8.0_331&amp;apos;
Driver info: org.openqa.selenium.chrome.ChromeDriver
Command: [354bf7015dc6e5ebe0943ba7d45b36f9, clickElement {id=85cd9ae1-9f7f-4a4f-829d-0dd1ed440a1e}]
Capabilities {acceptInsecureCerts: false, browserName: chrome, browserVersion: 101.0.4951.67, chrome: {chromedriverVersion: 101.0.4951.41 (93c720db8323..., userDataDir: C:\Users\yoges\AppData\Loca...}, goog:chromeOptions: {debuggerAddress: localhost:54817}, javascriptEnabled: true, networkConnectionEnabled: false, pageLoadStrategy: normal, platform: WINDOWS, platformName: WINDOWS, proxy: Proxy(), se:cdp: ws://localhost:54817/devtoo..., se:cdpVersion: 101.0.4951.67, setWindowRect: true, strictFileInteractability: false, timeouts: {implicit: 0, pageLoad: 300000, script: 30000}, unhandledPromptBehavior: dismiss and notify, webauthn:extension:credBlob: true, webauthn:extension:largeBlob: true, webauthn:virtualAuthenticators: true}
Element: [[ChromeDriver: chrome on WINDOWS (354bf7015dc6e5ebe0943ba7d45b36f9)] -&amp;gt; xpath: //li[contains(@data-text,&amp;apos;Spa&amp;apos;)]//ul//li//a[@data-re = &amp;apos;sitewide-_-nav-_-spa__beauty-_-spa_days&amp;apos;]/following-sibling::ul//li//a[contains(text(),&amp;apos;London&amp;apos;)]]
Session ID: 354bf7015dc6e5ebe0943ba7d45b36f9">
      <![CDATA[org.openqa.selenium.ElementNotInteractableException: element not interactable
  (Session info: chrome=101.0.4951.67)
Build info: version: '4.1.4', revision: '535d840ee2'
System info: host: 'MSI', ip: '192.168.0.5', os.name: 'Windows 10', os.arch: 'amd64', os.version: '10.0', java.version: '1.8.0_331'
Driver info: org.openqa.selenium.chrome.ChromeDriver
Command: [354bf7015dc6e5ebe0943ba7d45b36f9, clickElement {id=85cd9ae1-9f7f-4a4f-829d-0dd1ed440a1e}]
Capabilities {acceptInsecureCerts: false, browserName: chrome, browserVersion: 101.0.4951.67, chrome: {chromedriverVersion: 101.0.4951.41 (93c720db8323..., userDataDir: C:\Users\yoges\AppData\Loca...}, goog:chromeOptions: {debuggerAddress: localhost:54817}, javascriptEnabled: true, networkConnectionEnabled: false, pageLoadStrategy: normal, platform: WINDOWS, platformName: WINDOWS, proxy: Proxy(), se:cdp: ws://localhost:54817/devtoo..., se:cdpVersion: 101.0.4951.67, setWindowRect: true, strictFileInteractability: false, timeouts: {implicit: 0, pageLoad: 300000, script: 30000}, unhandledPromptBehavior: dismiss and notify, webauthn:extension:credBlob: true, webauthn:extension:largeBlob: true, webauthn:virtualAuthenticators: true}
Element: [[ChromeDriver: chrome on WINDOWS (354bf7015dc6e5ebe0943ba7d45b36f9)] -> xpath: //li[contains(@data-text,'Spa')]//ul//li//a[@data-re = 'sitewide-_-nav-_-spa__beauty-_-spa_days']/following-sibling::ul//li//a[contains(text(),'London')]]
Session ID: 354bf7015dc6e5ebe0943ba7d45b36f9
at org.openqa.selenium.remote.codec.w3c.W3CHttpResponseCodec.createException(W3CHttpResponseCodec.java:200)
at org.openqa.selenium.remote.codec.w3c.W3CHttpResponseCodec.decode(W3CHttpResponseCodec.java:133)
at org.openqa.selenium.remote.codec.w3c.W3CHttpResponseCodec.decode(W3CHttpResponseCodec.java:53)
at org.openqa.selenium.remote.HttpCommandExecutor.execute(HttpCommandExecutor.java:184)
at org.openqa.selenium.remote.service.DriverCommandExecutor.invokeExecute(DriverCommandExecutor.java:167)
at org.openqa.selenium.remote.service.DriverCommandExecutor.execute(DriverCommandExecutor.java:142)
at org.openqa.selenium.remote.RemoteWebDriver.execute(RemoteWebDriver.java:567)
at org.openqa.selenium.remote.RemoteWebElement.execute(RemoteWebElement.java:251)
at org.openqa.selenium.remote.RemoteWebElement.click(RemoteWebElement.java:77)
at com.tester.buyagift.pages.HomePage.selectMenuItem(HomePage.java:81)
at com.tester.buyagift_project.Location_Spa.TestCase03_1_selectLocation(Location_Spa.java:29)
... Removed 29 stack frames]]>
    </failure>
  </testcase> <!-- TestCase03_1_selectLocation on null(com.tester.buyagift_project.Location_Spa) -->
  <testcase name="TestCase03_2_validateLocationSpaDetails on null(com.tester.buyagift_project.Location_Spa)" time="0.027" classname="com.tester.buyagift_project.Location_Spa">
    <failure type="java.lang.AssertionError" message="expected [true] but found [false]">
      <![CDATA[java.lang.AssertionError: expected [true] but found [false]
at com.tester.buyagift_project.Location_Spa.TestCase03_2_validateLocationSpaDetails(Location_Spa.java:40)
... Removed 29 stack frames]]>
    </failure>
  </testcase> <!-- TestCase03_2_validateLocationSpaDetails on null(com.tester.buyagift_project.Location_Spa) -->
</testsuite> <!-- LondonSpa -->
