<?xml version="1.0" encoding="UTF-8"?>
<!-- Generated by org.testng.reporters.JUnitXMLReporter -->
<testsuite hostname="MSI" ignored="0" name="Test" tests="5" failures="1" timestamp="18 May 2022 10:29:09 GMT" time="47.653" errors="0">
  <testcase name="verifyBestSellerResult on null(com.tester.buyagift_project.BestSeller_Hotel)" time="4.777" classname="com.tester.buyagift_project.BestSeller_Hotel"/>
  <testcase name="selectLocation on null(com.tester.buyagift_project.Location_Spa)" time="14.499" classname="com.tester.buyagift_project.Location_Spa"/>
  <testcase name="verifyNameAndPriceOnProductPage on null(com.tester.buyagift_project.BestSeller_Hotel)" time="3.227" classname="com.tester.buyagift_project.BestSeller_Hotel"/>
  <testcase name="validateLocationSpaDetails on null(com.tester.buyagift_project.Location_Spa)" time="0.078" classname="com.tester.buyagift_project.Location_Spa"/>
  <testcase name="validatePaymentTotal on null(com.tester.buyagift_project.BestSeller_Hotel)" time="3.382" classname="com.tester.buyagift_project.BestSeller_Hotel">
    <failure type="org.openqa.selenium.NoSuchElementException" message="no such element: Unable to locate element: {&amp;quot;method&amp;quot;:&amp;quot;xpath&amp;quot;,&amp;quot;selector&amp;quot;:&amp;quot;//div[@class=&amp;apos;prd_holder&amp;apos;]//div[@class=&amp;apos;row basket_totals&amp;apos;]//span[2]&amp;quot;}
  (Session info: chrome=101.0.4951.67)
For documentation on this error, please visit: https://selenium.dev/exceptions/#no_such_element
Build info: version: &amp;apos;4.1.4&amp;apos;, revision: &amp;apos;535d840ee2&amp;apos;
System info: host: &amp;apos;MSI&amp;apos;, ip: &amp;apos;192.168.0.5&amp;apos;, os.name: &amp;apos;Windows 10&amp;apos;, os.arch: &amp;apos;amd64&amp;apos;, os.version: &amp;apos;10.0&amp;apos;, java.version: &amp;apos;1.8.0_331&amp;apos;
Driver info: org.openqa.selenium.chrome.ChromeDriver
Command: [20b819ab4ba99124c0628296ce0d931f, findElement {using=xpath, value=//div[@class=&amp;apos;prd_holder&amp;apos;]//div[@class=&amp;apos;row basket_totals&amp;apos;]//span[2]}]
Capabilities {acceptInsecureCerts: false, browserName: chrome, browserVersion: 101.0.4951.67, chrome: {chromedriverVersion: 101.0.4951.41 (93c720db8323..., userDataDir: C:\Users\yoges\AppData\Loca...}, goog:chromeOptions: {debuggerAddress: localhost:57367}, javascriptEnabled: true, networkConnectionEnabled: false, pageLoadStrategy: normal, platform: WINDOWS, platformName: WINDOWS, proxy: Proxy(), se:cdp: ws://localhost:57367/devtoo..., se:cdpVersion: 101.0.4951.67, setWindowRect: true, strictFileInteractability: false, timeouts: {implicit: 0, pageLoad: 300000, script: 30000}, unhandledPromptBehavior: dismiss and notify, webauthn:extension:credBlob: true, webauthn:extension:largeBlob: true, webauthn:virtualAuthenticators: true}
Session ID: 20b819ab4ba99124c0628296ce0d931f">
      <![CDATA[org.openqa.selenium.NoSuchElementException: no such element: Unable to locate element: {"method":"xpath","selector":"//div[@class='prd_holder']//div[@class='row basket_totals']//span[2]"}
  (Session info: chrome=101.0.4951.67)
For documentation on this error, please visit: https://selenium.dev/exceptions/#no_such_element
Build info: version: '4.1.4', revision: '535d840ee2'
System info: host: 'MSI', ip: '192.168.0.5', os.name: 'Windows 10', os.arch: 'amd64', os.version: '10.0', java.version: '1.8.0_331'
Driver info: org.openqa.selenium.chrome.ChromeDriver
Command: [20b819ab4ba99124c0628296ce0d931f, findElement {using=xpath, value=//div[@class='prd_holder']//div[@class='row basket_totals']//span[2]}]
Capabilities {acceptInsecureCerts: false, browserName: chrome, browserVersion: 101.0.4951.67, chrome: {chromedriverVersion: 101.0.4951.41 (93c720db8323..., userDataDir: C:\Users\yoges\AppData\Loca...}, goog:chromeOptions: {debuggerAddress: localhost:57367}, javascriptEnabled: true, networkConnectionEnabled: false, pageLoadStrategy: normal, platform: WINDOWS, platformName: WINDOWS, proxy: Proxy(), se:cdp: ws://localhost:57367/devtoo..., se:cdpVersion: 101.0.4951.67, setWindowRect: true, strictFileInteractability: false, timeouts: {implicit: 0, pageLoad: 300000, script: 30000}, unhandledPromptBehavior: dismiss and notify, webauthn:extension:credBlob: true, webauthn:extension:largeBlob: true, webauthn:virtualAuthenticators: true}
Session ID: 20b819ab4ba99124c0628296ce0d931f
at org.openqa.selenium.remote.codec.w3c.W3CHttpResponseCodec.createException(W3CHttpResponseCodec.java:200)
at org.openqa.selenium.remote.codec.w3c.W3CHttpResponseCodec.decode(W3CHttpResponseCodec.java:133)
at org.openqa.selenium.remote.codec.w3c.W3CHttpResponseCodec.decode(W3CHttpResponseCodec.java:53)
at org.openqa.selenium.remote.HttpCommandExecutor.execute(HttpCommandExecutor.java:184)
at org.openqa.selenium.remote.service.DriverCommandExecutor.invokeExecute(DriverCommandExecutor.java:167)
at org.openqa.selenium.remote.service.DriverCommandExecutor.execute(DriverCommandExecutor.java:142)
at org.openqa.selenium.remote.RemoteWebDriver.execute(RemoteWebDriver.java:567)
at org.openqa.selenium.remote.ElementLocation$ElementFinder$2.findElement(ElementLocation.java:162)
at org.openqa.selenium.remote.ElementLocation.findElement(ElementLocation.java:60)
at org.openqa.selenium.remote.RemoteWebDriver.findElement(RemoteWebDriver.java:385)
at org.openqa.selenium.remote.RemoteWebDriver.findElement(RemoteWebDriver.java:377)
at com.tester.buyagift.lib.WebDriverUtils.findElement(WebDriverUtils.java:58)
at com.tester.buyagift.pages.CheckoutPage.getPaymentTotal(CheckoutPage.java:34)
at com.tester.buyagift_project.BestSeller_Hotel.validatePaymentTotal(BestSeller_Hotel.java:68)
... Removed 29 stack frames]]>
    </failure>
  </testcase> <!-- validatePaymentTotal on null(com.tester.buyagift_project.BestSeller_Hotel) -->
</testsuite> <!-- Test -->
